============================= test session starts =============================
platform win32 -- Python 3.11.3, pytest-9.0.2, pluggy-1.6.0 -- C:\Users\Andrew\AppData\Local\Programs\Python\Python311\python.exe
cachedir: .pytest_cache
rootdir: C:\Users\Andrew\source\repos\BinDays-HomeAssistant
plugins: anyio-4.2.0, asyncio-1.3.0, mock-3.12.0
asyncio: mode=Mode.STRICT, debug=False, asyncio_default_fixture_loop_scope=None, asyncio_default_test_loop_scope=function
collecting ... collected 47 items

tests/test_integration.py::test_real_api_flow[BN14 9NS] PASSED           [  2%]
tests/test_integration.py::test_real_api_flow[CH46 8AL] PASSED           [  4%]
tests/test_integration.py::test_real_api_flow[BA13 3JR] PASSED           [  6%]
tests/test_integration.py::test_real_api_flow[WN7 2LG] PASSED            [  8%]
tests/test_integration.py::test_real_api_flow[EX20 1ZF] PASSED           [ 10%]
tests/test_integration.py::test_real_api_flow[OX14 3AJ] PASSED           [ 12%]
tests/test_integration.py::test_real_api_flow[OX14 4FQ] PASSED           [ 14%]
tests/test_integration.py::test_real_api_flow[EX38 8LS] PASSED           [ 17%]
tests/test_integration.py::test_real_api_flow[TF5 0LA] PASSED            [ 19%]
tests/test_integration.py::test_real_api_flow[TQ12 4EL] FAILED           [ 21%]
tests/test_integration.py::test_real_api_flow[OX11 7NU] PASSED           [ 23%]
tests/test_integration.py::test_real_api_flow[OX9 7DU] PASSED            [ 25%]
tests/test_integration.py::test_real_api_flow[PL8 2NG] PASSED            [ 27%]
tests/test_integration.py::test_real_api_flow[BS16 7ES] PASSED           [ 29%]
tests/test_integration.py::test_real_api_flow[KA19 7BN] PASSED           [ 31%]
tests/test_integration.py::test_real_api_flow[KA7 4RF] PASSED            [ 34%]
tests/test_integration.py::test_real_api_flow[KA8 8BX] PASSED            [ 36%]
tests/test_integration.py::test_real_api_flow[SO15 5NR] FAILED           [ 38%]
tests/test_integration.py::test_real_api_flow[TA1 3AL] PASSED            [ 40%]
tests/test_integration.py::test_real_api_flow[B92 7EX] PASSED            [ 42%]
tests/test_integration.py::test_real_api_flow[SY3 7TB] PASSED            [ 44%]
tests/test_integration.py::test_real_api_flow[CF72 9WR] PASSED           [ 46%]
tests/test_integration.py::test_real_api_flow[PL3 6AG] PASSED            [ 48%]
tests/test_integration.py::test_real_api_flow[SA71 4EL] PASSED           [ 51%]
tests/test_integration.py::test_real_api_flow[OX4 3AT] PASSED            [ 53%]
tests/test_integration.py::test_real_api_flow[NE46 3JR] PASSED           [ 55%]
tests/test_integration.py::test_real_api_flow[SG5 3EU] PASSED            [ 57%]
tests/test_integration.py::test_real_api_flow[BH25 7JS] PASSED           [ 59%]
tests/test_integration.py::test_real_api_flow[EX17 1JZ] FAILED           [ 61%]
tests/test_integration.py::test_real_api_flow[M15 6PN] PASSED            [ 63%]
tests/test_integration.py::test_real_api_flow[L15 2HF] PASSED            [ 65%]
tests/test_integration.py::test_real_api_flow[L8 2TG] PASSED             [ 68%]
tests/test_integration.py::test_real_api_flow[BD11 1JY] PASSED           [ 70%]
tests/test_integration.py::test_real_api_flow[EX4 1BG] PASSED            [ 72%]
tests/test_integration.py::test_real_api_flow[CB6 1AD] PASSED            [ 74%]
tests/test_integration.py::test_real_api_flow[BH21 1AL] PASSED           [ 76%]
tests/test_integration.py::test_real_api_flow[PL15 7DU] PASSED           [ 78%]
tests/test_integration.py::test_real_api_flow[HP22 5XA] PASSED           [ 80%]
tests/test_integration.py::test_real_api_flow[HP13 5AW] PASSED           [ 82%]
tests/test_integration.py::test_real_api_flow[HP9 1BG] PASSED            [ 85%]
tests/test_integration.py::test_real_api_flow[HP7 0NQ] PASSED            [ 87%]
tests/test_integration.py::test_real_api_flow[NR8 6BQ] PASSED            [ 89%]
tests/test_integration.py::test_real_api_flow[BS6 7SR] PASSED            [ 91%]
tests/test_integration.py::test_real_api_flow[BH6 4DE] PASSED            [ 93%]
tests/test_integration.py::test_real_api_flow[B34 6BS] PASSED            [ 95%]
tests/test_integration.py::test_real_api_flow[BA2 2DL] PASSED            [ 97%]
tests/test_integration.py::test_real_api_flow[BT23 4JG] PASSED           [100%]

================================== FAILURES ===================================
E   OSError: [WinError 64] The specified network name is no longer available

During handling of the above exception, another exception occurred:
E   ConnectionResetError: [WinError 64] The specified network name is no longer available

The above exception was the direct cause of the following exception:
E   aiohttp.client_exceptions.ClientConnectorError: Cannot connect to host www.teignbridge.gov.uk:443 ssl:default [The specified network name is no longer available]

The above exception was the direct cause of the following exception:
E   custom_components.bindays.api.error.BinDaysApiClientError: Client side request failed: Cannot connect to host www.teignbridge.gov.uk:443 ssl:default [The specified network name is no longer available]

During handling of the above exception, another exception occurred:
E   Failed: [TQ12 4EL] Failed to get addresses: Client side request failed: Cannot connect to host www.teignbridge.gov.uk:443 ssl:default [The specified network name is no longer available]
---------------------------- Captured stdout call -----------------------------
[TQ12 4EL] Testing...
[TQ12 4EL] Collector: Teignbridge District Council (teignbridge)
C:\Users\Andrew\source\repos\BinDays-HomeAssistant\tests\test_integration.py:96: Failed: [TQ12 4EL] Failed to get addresses: Client side request failed: Cannot connect to host www.teignbridge.gov.uk:443 ssl:default [The specified network name is no longer available]
E   custom_components.bindays.api.error.BinDaysApiClientError: API returned 500: An unexpected error occurred while fetching addresses. Please try again later.

During handling of the above exception, another exception occurred:
E   Failed: [SO15 5NR] Failed to get addresses: API returned 500: An unexpected error occurred while fetching addresses. Please try again later.
---------------------------- Captured stdout call -----------------------------
[SO15 5NR] Testing...
[SO15 5NR] Collector: Southampton City Council (southampton)
C:\Users\Andrew\source\repos\BinDays-HomeAssistant\tests\test_integration.py:96: Failed: [SO15 5NR] Failed to get addresses: API returned 500: An unexpected error occurred while fetching addresses. Please try again later.
E   custom_components.bindays.api.error.BinDaysApiClientError: API returned 404: Mid Devon District Council is not currently supported.

During handling of the above exception, another exception occurred:
E   Failed: [EX17 1JZ] Failed to get collector: API returned 404: Mid Devon District Council is not currently supported.
---------------------------- Captured stdout call -----------------------------
[EX17 1JZ] Testing...
C:\Users\Andrew\source\repos\BinDays-HomeAssistant\tests\test_integration.py:87: Failed: [EX17 1JZ] Failed to get collector: API returned 404: Mid Devon District Council is not currently supported.
=========================== short test summary info ===========================
FAILED tests/test_integration.py::test_real_api_flow[TQ12 4EL] - Failed: [TQ1...
FAILED tests/test_integration.py::test_real_api_flow[SO15 5NR] - Failed: [SO1...
FAILED tests/test_integration.py::test_real_api_flow[EX17 1JZ] - Failed: [EX1...
======================== 3 failed, 44 passed in 10.35s ========================
